13:20:53.032  330  DEBUG fr.sparna.rdf.xls2rdf.app.Convert - Will use output format : text/turtle
13:20:53.036  334  DEBUG fr.sparna.rdf.xls2rdf.app.Convert - Will use ModelWriter : fr.sparna.rdf.xls2rdf.OutputStreamModelWriter
13:20:53.648  946  DEBUG f.s.rdf.xls2rdf.Xls2RdfConverter - Processing sheet: Sheet1
13:20:53.652  950  INFO  f.sparna.rdf.xls2rdf.RdfizableSheet - Found proper property in header : http://data.windenergy.dtu.dk/controlled-terminology/aspect/
13:20:53.654  952  INFO  f.sparna.rdf.xls2rdf.RdfizableSheet - Found proper property in header : http://purl.org/pav/
13:20:53.656  954  INFO  f.sparna.rdf.xls2rdf.RdfizableSheet - Found proper property in header : http://purl.org/dc/terms/
13:20:53.657  955  INFO  f.sparna.rdf.xls2rdf.RdfizableSheet - Found proper property in header : http://www.w3.org/1999/02/22-rdf-syntax-ns#
13:20:53.658  956  INFO  f.sparna.rdf.xls2rdf.RdfizableSheet - Found proper property in header : http://www.w3.org/2000/01/rdf-schema#
13:20:53.663  961  INFO  f.sparna.rdf.xls2rdf.RdfizableSheet - Found proper property in header : https://spdx.org/licenses/CC0-1.0
13:20:53.666  964  INFO  f.sparna.rdf.xls2rdf.RdfizableSheet - Found proper property in header : http://www.w3.org/2004/02/skos/core#prefLabel
13:20:53.666  964  INFO  f.sparna.rdf.xls2rdf.RdfizableSheet - Found proper property in header : http://www.w3.org/1999/02/22-rdf-syntax-ns#type
13:20:53.667  965  INFO  f.sparna.rdf.xls2rdf.RdfizableSheet - Found proper property in header : http://www.w3.org/2000/01/rdf-schema#label
13:20:53.668  966  INFO  f.sparna.rdf.xls2rdf.RdfizableSheet - Found proper property in header : http://www.w3.org/2004/02/skos/core#definition
13:20:53.668  966  INFO  f.sparna.rdf.xls2rdf.RdfizableSheet - Found proper property in header : http://data.windenergy.dtu.dk/controlled-terminology/aspect/long-name
13:20:53.669  967  INFO  f.sparna.rdf.xls2rdf.RdfizableSheet - Found proper property in header : http://data.windenergy.dtu.dk/controlled-terminology/aspect/abbrevation
13:20:53.670  968  INFO  f.sparna.rdf.xls2rdf.RdfizableSheet - Found proper property in header : http://data.windenergy.dtu.dk/controlled-terminology/aspect/dnvgl-st-0376-name
13:20:53.670  968  INFO  f.sparna.rdf.xls2rdf.RdfizableSheet - Found proper property in header : http://data.windenergy.dtu.dk/controlled-terminology/aspect/dnvgl-st-0437-name
13:20:53.671  969  INFO  f.sparna.rdf.xls2rdf.RdfizableSheet - Found proper property in header : http://data.windenergy.dtu.dk/controlled-terminology/aspect/iec-61400-25-2-name
13:20:53.671  969  INFO  f.sparna.rdf.xls2rdf.RdfizableSheet - Found at least 2 headers with proper property declaration in the first 10 columns, title row is at index 14
13:20:53.673  971  DEBUG f.s.rdf.xls2rdf.Xls2RdfConverter - Found title row at index 14
13:20:53.676  974  DEBUG f.s.rdf.xls2rdf.Xls2RdfConverter - Adding value on header object "ASPECT" with lang en
13:20:53.679  977  DEBUG f.s.rdf.xls2rdf.Xls2RdfConverter - Adding value on header object "ASPECT: wind energy vAriableS ParametErs and ConsTants" with lang en
13:20:53.680  978  DEBUG f.s.rdf.xls2rdf.Xls2RdfConverter - Adding value on header object "Controlled vocabulary of variables, parameters and constants used in wind energy community." with lang en
13:20:53.681  979  DEBUG f.s.rdf.xls2rdf.Xls2RdfConverter - Adding value on header object "Technical University of Denmark, DTU Wind Energy" with lang en
13:20:53.682  980  DEBUG f.s.rdf.xls2rdf.Xls2RdfConverter - Adding value on header object "https://spdx.org/licenses/CC0-1.0" with lang en
13:20:53.684  982  DEBUG f.s.rdf.xls2rdf.Xls2RdfConverter - Adding value on header object "0.1" with lang en
13:20:53.685  983  DEBUG f.s.rdf.xls2rdf.Xls2RdfConverter - Adding value on header object "2020-10-22T22:00:00+01:00" with lang en
13:20:53.685  983  DEBUG f.s.rdf.xls2rdf.Xls2RdfConverter - Adding value on header object "2021-06-21T15:00:00+01:00" with lang en
13:20:53.686  984  DEBUG f.s.rdf.xls2rdf.Xls2RdfConverter - Converting data with these column headers: 
13:20:53.686  984  DEBUG f.s.rdf.xls2rdf.Xls2RdfConverter - ColumnHeader [originalValue=Identifier, language=Optional.empty, datatype=Optional.empty, property=null, declaredProperty=Identifier, inverse=false, parameters={}, id=null, reconcileOn=null, headerCell=Identifier]
13:20:53.687  985  DEBUG f.s.rdf.xls2rdf.Xls2RdfConverter - ColumnHeader [originalValue=skos:prefLabel, language=Optional.empty, datatype=Optional.empty, property=http://www.w3.org/2004/02/skos/core#prefLabel, declaredProperty=skos:prefLabel, inverse=false, parameters={}, id=null, reconcileOn=null, headerCell=skos:prefLabel]
13:20:53.688  986  DEBUG f.s.rdf.xls2rdf.Xls2RdfConverter - ColumnHeader [originalValue=rdf:type, language=Optional.empty, datatype=Optional.empty, property=http://www.w3.org/1999/02/22-rdf-syntax-ns#type, declaredProperty=rdf:type, inverse=false, parameters={}, id=null, reconcileOn=null, headerCell=rdf:type]
13:20:53.689  987  DEBUG f.s.rdf.xls2rdf.Xls2RdfConverter - ColumnHeader [originalValue=rdfs:label, language=Optional.empty, datatype=Optional.empty, property=http://www.w3.org/2000/01/rdf-schema#label, declaredProperty=rdfs:label, inverse=false, parameters={}, id=null, reconcileOn=null, headerCell=rdfs:label]
13:20:53.692  990  DEBUG f.s.rdf.xls2rdf.Xls2RdfConverter - ColumnHeader [originalValue=skos:definition@en, language=Optional[en], datatype=Optional.empty, property=http://www.w3.org/2004/02/skos/core#definition, declaredProperty=skos:definition, inverse=false, parameters={}, id=null, reconcileOn=null, headerCell=skos:definition@en]
13:20:53.692  990  DEBUG f.s.rdf.xls2rdf.Xls2RdfConverter - ColumnHeader [originalValue=aspect:long-name, language=Optional.empty, datatype=Optional.empty, property=http://data.windenergy.dtu.dk/controlled-terminology/aspect/long-name, declaredProperty=aspect:long-name, inverse=false, parameters={}, id=null, reconcileOn=null, headerCell=aspect:long-name]
13:20:53.693  991  DEBUG f.s.rdf.xls2rdf.Xls2RdfConverter - ColumnHeader [originalValue=aspect:abbrevation, language=Optional.empty, datatype=Optional.empty, property=http://data.windenergy.dtu.dk/controlled-terminology/aspect/abbrevation, declaredProperty=aspect:abbrevation, inverse=false, parameters={}, id=null, reconcileOn=null, headerCell=aspect:abbrevation]
13:20:53.694  992  DEBUG f.s.rdf.xls2rdf.Xls2RdfConverter - ColumnHeader [originalValue=aspect:dnvgl-st-0376-name, language=Optional.empty, datatype=Optional.empty, property=http://data.windenergy.dtu.dk/controlled-terminology/aspect/dnvgl-st-0376-name, declaredProperty=aspect:dnvgl-st-0376-name, inverse=false, parameters={}, id=null, reconcileOn=null, headerCell=aspect:dnvgl-st-0376-name]
13:20:53.695  993  DEBUG f.s.rdf.xls2rdf.Xls2RdfConverter - ColumnHeader [originalValue=aspect:dnvgl-st-0437-name, language=Optional.empty, datatype=Optional.empty, property=http://data.windenergy.dtu.dk/controlled-terminology/aspect/dnvgl-st-0437-name, declaredProperty=aspect:dnvgl-st-0437-name, inverse=false, parameters={}, id=null, reconcileOn=null, headerCell=aspect:dnvgl-st-0437-name]
13:20:53.696  994  DEBUG f.s.rdf.xls2rdf.Xls2RdfConverter - ColumnHeader [originalValue=aspect:iec-61400-25-2-name, language=Optional.empty, datatype=Optional.empty, property=http://data.windenergy.dtu.dk/controlled-terminology/aspect/iec-61400-25-2-name, declaredProperty=aspect:iec-61400-25-2-name, inverse=false, parameters={}, id=null, reconcileOn=null, headerCell=aspect:iec-61400-25-2-name]
13:20:53.697  995  DEBUG f.s.rdf.xls2rdf.Xls2RdfConverter - ColumnHeader [originalValue=aspect:iec-61400-23-name, language=Optional.empty, datatype=Optional.empty, property=http://data.windenergy.dtu.dk/controlled-terminology/aspect/iec-61400-23-name, declaredProperty=aspect:iec-61400-23-name, inverse=false, parameters={}, id=null, reconcileOn=null, headerCell=aspect:iec-61400-23-name]
13:20:53.698  996  DEBUG f.s.rdf.xls2rdf.Xls2RdfConverter - ColumnHeader [originalValue=aspect:iec-61400-13-name, language=Optional.empty, datatype=Optional.empty, property=http://data.windenergy.dtu.dk/controlled-terminology/aspect/iec-61400-13-name, declaredProperty=aspect:iec-61400-13-name, inverse=false, parameters={}, id=null, reconcileOn=null, headerCell=aspect:iec-61400-13-name]
13:20:53.699  997  DEBUG f.s.rdf.xls2rdf.Xls2RdfConverter - ColumnHeader [originalValue=skos:altLabel(separator=","), language=Optional.empty, datatype=Optional.empty, property=http://www.w3.org/2004/02/skos/core#altLabel, declaredProperty=skos:altLabel, inverse=false, parameters={separator=,}, id=null, reconcileOn=null, headerCell=skos:altLabel(separator=",")]
13:20:53.700  998  DEBUG f.s.rdf.xls2rdf.Xls2RdfConverter - ColumnHeader [originalValue=aspect:prefUnit, language=Optional.empty, datatype=Optional.empty, property=http://data.windenergy.dtu.dk/controlled-terminology/aspect/prefUnit, declaredProperty=aspect:prefUnit, inverse=false, parameters={}, id=null, reconcileOn=null, headerCell=aspect:prefUnit]
13:20:53.701  999  DEBUG f.s.rdf.xls2rdf.Xls2RdfConverter - ColumnHeader [originalValue=aspect:altfUnit, language=Optional.empty, datatype=Optional.empty, property=http://data.windenergy.dtu.dk/controlled-terminology/aspect/altfUnit, declaredProperty=aspect:altfUnit, inverse=false, parameters={}, id=null, reconcileOn=null, headerCell=aspect:altfUnit]
13:20:53.701  999  DEBUG f.s.rdf.xls2rdf.Xls2RdfConverter - ColumnHeader [originalValue=skos:exactMatch(separator=","), language=Optional.empty, datatype=Optional.empty, property=http://www.w3.org/2004/02/skos/core#exactMatch, declaredProperty=skos:exactMatch, inverse=false, parameters={separator=,}, id=null, reconcileOn=null, headerCell=skos:exactMatch(separator=",")]
13:20:53.702  1000 DEBUG f.s.rdf.xls2rdf.Xls2RdfConverter - ColumnHeader [originalValue=skos:broader(separator=","), language=Optional.empty, datatype=Optional.empty, property=http://www.w3.org/2004/02/skos/core#broader, declaredProperty=skos:broader, inverse=false, parameters={separator=,}, id=null, reconcileOn=null, headerCell=skos:broader(separator=",")]
13:20:53.702  1000 DEBUG f.s.rdf.xls2rdf.Xls2RdfConverter - ColumnHeader [originalValue=dct:creator(separator=","), language=Optional.empty, datatype=Optional.empty, property=http://purl.org/dc/terms/creator, declaredProperty=dct:creator, inverse=false, parameters={separator=,}, id=null, reconcileOn=null, headerCell=dct:creator(separator=",")]
13:20:53.702  1000 DEBUG f.s.rdf.xls2rdf.Xls2RdfConverter - ColumnHeader [originalValue=skos:editorialNote@en, language=Optional[en], datatype=Optional.empty, property=http://www.w3.org/2004/02/skos/core#editorialNote, declaredProperty=skos:editorialNote, inverse=false, parameters={}, id=null, reconcileOn=null, headerCell=skos:editorialNote@en]
13:20:53.702  1000 DEBUG f.s.rdf.xls2rdf.Xls2RdfConverter - ColumnHeader [originalValue=skos:conceptNote@en, language=Optional[en], datatype=Optional.empty, property=http://www.w3.org/2004/02/skos/core#conceptNote, declaredProperty=skos:conceptNote, inverse=false, parameters={}, id=null, reconcileOn=null, headerCell=skos:conceptNote@en]
13:20:53.702  1000 INFO  f.s.rdf.xls2rdf.Xls2RdfConverter - Converting rows...
13:20:53.900  1198 INFO  f.s.rdf.xls2rdf.Xls2RdfConverter - Applying SKOS post-processings on the result
13:20:53.901  1199 DEBUG f.s.rdf.xls2rdf.SkosPostProcessor - Postprocessing : SkosPostProcessor
13:20:53.902  1200 DEBUG f.s.rdf.xls2rdf.SkosPostProcessor - Considering main resource like a ConceptScheme.
13:20:53.907  1205 DEBUG f.s.rdf.xls2rdf.SkosPostProcessor - Adding inverse skos:broader and skos:narrower
13:20:53.910  1208 DEBUG f.s.rdf.xls2rdf.SkosPostProcessor - Adding skos:inScheme
13:20:53.912  1210 DEBUG f.s.rdf.xls2rdf.SkosPostProcessor - Setting rdf:type skos:ConceptScheme to main resource
13:20:53.913  1211 DEBUG f.s.rdf.xls2rdf.SkosPostProcessor - Adding skos:hasTopConcept / skos:topConceptOf
13:20:53.916  1214 DEBUG f.s.rdf.xls2rdf.Xls2RdfConverter - Saving graph of 1446 statements generated from Sheet Sheet1
